2023-02-26 06:50:00,268 - pyswarms.single.global_best - INFO - Optimize for 100 iters with {'c1': 0.5, 'c2': 0.3, 'w': 0.9}
2023-02-26 06:50:00,288 - pyswarms.single.global_best - INFO - Optimization finished | best cost: 2.6835070323116935e-08, best pos: [-0.00010806 -0.00012312]
2023-02-26 06:50:20,334 - pyswarms.single.global_best - INFO - Optimize for 100 iters with {'c1': 0.5, 'c2': 0.3, 'w': 0.9}
2023-02-26 06:50:20,345 - pyswarms.single.global_best - INFO - Optimization finished | best cost: 5.6349401089641744e-08, best pos: [-9.95412581e-05 -2.15501599e-04]
2023-02-26 06:52:28,484 - pyswarms.single.global_best - INFO - Optimize for 100 iters with {'c1': 0.5, 'c2': 0.3, 'w': 0.9}
2023-02-26 06:52:28,495 - pyswarms.single.global_best - INFO - Optimization finished | best cost: 5.701661847575655e-09, best pos: [-6.74119995e-05 -3.40188796e-05]
2023-02-26 06:53:26,101 - pyswarms.single.global_best - INFO - Optimize for 100 iters with {'c1': 0.5, 'c2': 0.3, 'w': 0.9}
2023-02-26 06:53:26,113 - pyswarms.single.global_best - INFO - Optimization finished | best cost: 4.814108598578958e-08, best pos: [-7.23869545e-05 -2.07126084e-04]
2023-02-26 06:54:24,824 - pyswarms.single.global_best - INFO - Optimize for 100 iters with {'c1': 0.5, 'c2': 0.3, 'w': 0.9}
2023-02-26 06:54:24,836 - pyswarms.single.global_best - INFO - Optimization finished | best cost: 4.020201758633693e-09, best pos: [-1.42312481e-05 -6.17873234e-05]
2023-02-26 06:57:30,679 - pyswarms.single.global_best - INFO - Optimize for 100 iters with {'c1': 0.5, 'c2': 0.3, 'w': 0.9}
2023-02-26 06:57:30,691 - pyswarms.single.global_best - INFO - Optimization finished | best cost: 1.7584813392474683e-08, best pos: [ 6.14965013e-05 -1.17486143e-04]
2023-02-26 06:59:12,946 - pyswarms.single.global_best - INFO - Optimize for 100 iters with {'c1': 0.5, 'c2': 0.3, 'w': 0.9}
2023-02-26 06:59:12,958 - pyswarms.single.global_best - INFO - Optimization finished | best cost: 5.996275444797196e-09, best pos: [7.72620939e-05 5.18114696e-06]
2023-02-26 07:03:54,980 - pyswarms.single.global_best - INFO - Optimize for 100 iters with {'c1': 0.5, 'c2': 0.3, 'w': 0.9}
2023-02-26 07:03:54,992 - pyswarms.single.global_best - INFO - Optimization finished | best cost: 1.6271917136539848e-09, best pos: [-3.49521325e-05 -2.01380274e-05]
2023-02-26 07:15:46,872 - pyswarms.single.global_best - INFO - Optimize for 100 iters with {'c1': 0.5, 'c2': 0.3, 'w': 0.9}
2023-02-26 07:15:46,884 - pyswarms.single.global_best - INFO - Optimization finished | best cost: 9.599263666652095e-07, best pos: [0.99916399 0.99837978]
2023-02-26 07:29:00,855 - pyswarms.single.global_best - INFO - Optimize for 100 iters with {'c1': 0.5, 'c2': 0.3, 'w': 0.9}
2023-02-26 07:29:00,875 - pyswarms.single.global_best - INFO - Optimization finished | best cost: 9.71368913902918e-07, best pos: [0.99921976 0.99850034]
2023-02-26 07:38:00,667 - pyswarms.single.global_best - INFO - Optimize for 100 iters with {'c1': 1.47, 'c2': 1.47, 'w': 0.7}
2023-02-26 07:38:00,679 - pyswarms.single.global_best - INFO - Optimization finished | best cost: 7.523436951468373e-15, best pos: [ 8.03318067e-08 -3.27144890e-08]
2023-02-26 07:52:45,282 - pyswarms.single.global_best - INFO - Optimize for 100 iters with {'c1': 1.47, 'c2': 1.47, 'w': 0.7}
2023-02-26 07:52:45,299 - pyswarms.single.global_best - INFO - Optimization finished | best cost: 3.5322335272873597e-16, best pos: [ 1.77389254e-09 -1.87103356e-08]
2023-02-26 07:54:04,745 - pyswarms.single.global_best - INFO - Optimize for 100 iters with {'c1': 1.47, 'c2': 1.47, 'w': 0.7}
2023-02-26 07:54:04,757 - pyswarms.single.global_best - INFO - Optimization finished | best cost: 6.698571590150286e-17, best pos: [ 7.38895533e-09 -3.51980895e-09]
2023-02-26 08:02:29,887 - pyswarms.single.global_best - INFO - Optimize for 100 iters with {'c1': 1.47, 'c2': 1.47, 'w': 0.7}
2023-02-26 08:02:29,900 - pyswarms.single.global_best - INFO - Optimization finished | best cost: 6.624367749808902e-16, best pos: [1.91888905e-08 1.71529373e-08]
2023-02-26 08:06:07,721 - pyswarms.single.global_best - INFO - Optimize for 100 iters with {'c1': 1.47, 'c2': 1.47, 'w': 0.7}
2023-02-26 08:06:07,733 - pyswarms.single.global_best - INFO - Optimization finished | best cost: 1.9134951410992655e-16, best pos: [ 4.23391486e-10 -1.38264332e-08]
2023-02-26 08:07:01,753 - pyswarms.single.global_best - INFO - Optimize for 100 iters with {'c1': 1.47, 'c2': 1.47, 'w': 0.7}
2023-02-26 08:07:01,766 - pyswarms.single.global_best - INFO - Optimization finished | best cost: 3.3347810298061236e-15, best pos: [-7.26379889e-09 -5.72889017e-08]
2023-02-26 08:07:53,842 - pyswarms.single.global_best - INFO - Optimize for 100 iters with {'c1': 1.47, 'c2': 1.47, 'w': 0.7}
2023-02-26 08:07:53,854 - pyswarms.single.global_best - INFO - Optimization finished | best cost: 3.183693465146049e-14, best pos: [-1.41315621e-07 -1.08934980e-07]
2023-02-26 08:08:56,929 - pyswarms.single.global_best - INFO - Optimize for 100 iters with {'c1': 1.47, 'c2': 1.47, 'w': 0.7}
2023-02-26 08:08:56,941 - pyswarms.single.global_best - INFO - Optimization finished | best cost: 4.331429473345436e-15, best pos: [2.70603412e-08 5.99930613e-08]
2023-02-26 08:09:23,508 - pyswarms.single.global_best - INFO - Optimize for 100 iters with {'c1': 1.47, 'c2': 1.47, 'w': 0.7}
2023-02-26 08:09:23,521 - pyswarms.single.global_best - INFO - Optimization finished | best cost: 1.9695608812242575e-15, best pos: [-4.36314986e-08 -8.11499930e-09]
2023-02-26 08:16:33,653 - pyswarms.single.global_best - INFO - Optimize for 100 iters with {'c1': 0.5, 'c2': 0.3, 'w': 0.9}
2023-02-26 08:16:33,675 - pyswarms.single.global_best - INFO - Optimization finished | best cost: 1.5047681355647533e-08, best pos: [ 8.34482667e-05 -8.99114461e-05]
2023-02-26 08:25:57,530 - pyswarms.single.global_best - INFO - Optimize for 100 iters with {'c1': 0.5, 'c2': 0.3, 'w': 0.9}
2023-02-26 08:25:57,549 - pyswarms.single.global_best - INFO - Optimization finished | best cost: 3.532498067038938e-09, best pos: [-4.55484223e-05  3.81816618e-05]
2023-02-26 08:26:20,033 - pyswarms.single.global_best - INFO - Optimize for 100 iters with {'c1': 0.5, 'c2': 0.3, 'w': 0.9}
2023-02-26 08:26:20,045 - pyswarms.single.global_best - INFO - Optimization finished | best cost: 7.690799632915424e-10, best pos: [-6.49081555e-06 -2.69619969e-05]
2023-02-26 08:31:01,820 - pyswarms.single.global_best - INFO - Optimize for 100 iters with {'c1': 0.5, 'c2': 0.3, 'w': 0.9}
2023-02-26 08:31:01,833 - pyswarms.single.global_best - INFO - Optimization finished | best cost: 1.1696529780876231e-07, best pos: [1.0001523 1.000274 ]
2023-02-26 08:37:09,871 - pyswarms.single.global_best - INFO - Optimize for 100 iters with {'c1': 0.5, 'c2': 0.3, 'w': 0.9}
2023-02-26 08:37:46,602 - pyswarms.single.global_best - INFO - Optimize for 100 iters with {'c1': 0.5, 'c2': 0.3, 'w': 0.9}
2023-02-26 08:37:46,615 - pyswarms.single.global_best - INFO - Optimization finished | best cost: 6.1651426479071205e-06, best pos: [0.99752708 0.99503795]
